TN:
SF:src/category/domain/entities/category.ts
FN:15,get name
FN:19,get description
FN:23,set description
FN:27,get is_active
FN:31,set is_active
FN:35,get create_at
FN:9,Category
FNF:7
FNH:2
FNDA:2,get name
FNDA:0,get description
FNDA:0,set description
FNDA:0,get is_active
FNDA:0,set is_active
FNDA:0,get create_at
FNDA:1,Category
DA:1,1
DA:2,1
DA:3,1
DA:4,1
DA:5,1
DA:6,1
DA:7,1
DA:8,1
DA:9,1
DA:10,1
DA:11,1
DA:12,1
DA:13,1
DA:14,1
DA:15,1
DA:16,2
DA:17,2
DA:18,1
DA:19,1
DA:20,0
DA:21,0
DA:22,1
DA:23,1
DA:24,0
DA:25,0
DA:26,1
DA:27,1
DA:28,0
DA:29,0
DA:30,1
DA:31,1
DA:32,0
DA:33,0
DA:34,1
DA:35,1
DA:36,0
DA:37,0
DA:38,1
LF:38
LH:28
BRDA:15,0,0,2
BRDA:9,1,0,1
BRDA:10,2,0,0
BRDA:11,3,0,0
BRDA:12,4,0,0
BRF:5
BRH:2
end_of_record
